     1 00000000                                 [FORMAT "WCOFF"]
     2 00000000                                 [INSTRSET "i486p"]
     3 00000000                                 [OPTIMIZE 1]
     4 00000000                                 [OPTION 1]
     5 00000000                                 [BITS 32]
     6 00000000                                 	EXTERN	__alloca
     7 00000000                                 	EXTERN	_api_openwin
     8 00000000                                 	EXTERN	_api_putstrwin
     9 00000000                                 	EXTERN	_api_getkey
    10 00000000                                 	EXTERN	_api_end
    11 00000000                                 [FILE "sysinfo.c"]
    12                                          [SECTION .data]
    13 00000000                                 LC0:
    14 00000000 CF B5 CD B3 D0 C5 CF A2 00      	DB	0xCF,0xB5,0xCD,0xB3,0xD0,0xC5,0xCF,0xA2,0x00
    15 00000009                                 LC1:
    16 00000009 52 65 64 53 6F 69 6C 20 57 65   	DB	"RedSoil WeOS",0x00
       00000013 4F 53 00 
    17 00000016                                 LC2:
    18 00000016 31 2E 30 20 42 65 74 61 20 31   	DB	"1.0 Beta 1 (Build 03)",0x00
       00000020 20 28 42 75 69 6C 64 20 30 33 
       0000002A 29 00 
    19 0000002C                                 LC3:
    20 0000002C B4 CB B0 E6 B1 BE CE AA B2 E2   	DB	0xB4,0xCB,0xB0,0xE6,0xB1,0xBE,0xCE,0xAA,0xB2,0xE2,0xCA,0xD4,0xB0,0xE6,0xB1,0xBE,0xA3,0xA1,0x00
       00000036 CA D4 B0 E6 B1 BE A3 A1 00 
    21 0000003F                                 LC4:
    22 0000003F B0 E6 C8 A8 CB F9 D3 D0 20 28   	DB	0xB0,0xE6,0xC8,0xA8,0xCB,0xF9,0xD3,0xD0," (C) 2012-2025 RedSoil ",0xB9,0xAB,0xCB,0xBE,".",0x00
       00000049 43 29 20 32 30 31 32 2D 32 30 
       00000053 32 35 20 52 65 64 53 6F 69 6C 
       0000005D 20 B9 AB CB BE 2E 00 
    23                                          [SECTION .text]
    24 00000000                                 	GLOBAL	_HariMain
    25 00000000                                 _HariMain:
    26 00000000 55                              	PUSH	EBP
    27 00000001 B8 00011170                     	MOV	EAX,70000
    28 00000006 89 E5                           	MOV	EBP,ESP
    29 00000008 53                              	PUSH	EBX
    30 00000009 E8 [00000000]                   	CALL	__alloca
    31 0000000E 68 [00000000]                   	PUSH	LC0
    32 00000013 6A FF                           	PUSH	-1
    33 00000015 8D 85 FFFEEE8C                  	LEA	EAX,DWORD [-70004+EBP]
    34 0000001B 68 000000C8                     	PUSH	200
    35 00000020 68 0000015E                     	PUSH	350
    36 00000025 50                              	PUSH	EAX
    37 00000026 E8 [00000000]                   	CALL	_api_openwin
    38 0000002B 68 [00000009]                   	PUSH	LC1
    39 00000030 6A 0C                           	PUSH	12
    40 00000032 89 C3                           	MOV	EBX,EAX
    41 00000034 6A 00                           	PUSH	0
    42 00000036 6A 26                           	PUSH	38
    43 00000038 6A 14                           	PUSH	20
    44 0000003A 50                              	PUSH	EAX
    45 0000003B E8 [00000000]                   	CALL	_api_putstrwin
    46 00000040 83 C4 2C                        	ADD	ESP,44
    47 00000043 68 [00000016]                   	PUSH	LC2
    48 00000048 6A 15                           	PUSH	21
    49 0000004A 6A 00                           	PUSH	0
    50 0000004C 6A 3A                           	PUSH	58
    51 0000004E 6A 14                           	PUSH	20
    52 00000050 53                              	PUSH	EBX
    53 00000051 E8 [00000000]                   	CALL	_api_putstrwin
    54 00000056 68 [0000002C]                   	PUSH	LC3
    55 0000005B 6A 12                           	PUSH	18
    56 0000005D 6A 01                           	PUSH	1
    57 0000005F 6A 4E                           	PUSH	78
    58 00000061 6A 14                           	PUSH	20
    59 00000063 53                              	PUSH	EBX
    60 00000064 E8 [00000000]                   	CALL	_api_putstrwin
    61 00000069 83 C4 30                        	ADD	ESP,48
    62 0000006C 68 [0000002C]                   	PUSH	LC3
    63 00000071 6A 12                           	PUSH	18
    64 00000073 6A 01                           	PUSH	1
    65 00000075 6A 4E                           	PUSH	78
    66 00000077 6A 15                           	PUSH	21
    67 00000079 53                              	PUSH	EBX
    68 0000007A E8 [00000000]                   	CALL	_api_putstrwin
    69 0000007F 68 [0000003F]                   	PUSH	LC4
    70 00000084 6A 24                           	PUSH	36
    71 00000086 6A 00                           	PUSH	0
    72 00000088 68 00000080                     	PUSH	128
    73 0000008D 6A 14                           	PUSH	20
    74 0000008F 53                              	PUSH	EBX
    75 00000090 E8 [00000000]                   	CALL	_api_putstrwin
    76 00000095 83 C4 30                        	ADD	ESP,48
    77 00000098                                 L2:
    78 00000098 6A 01                           	PUSH	1
    79 0000009A E8 [00000000]                   	CALL	_api_getkey
    80 0000009F 5A                              	POP	EDX
    81 000000A0 83 F8 0A                        	CMP	EAX,10
    82 000000A3 75 F3                           	JNE	L2
    83 000000A5 E8 [00000000]                   	CALL	_api_end
    84 000000AA 8B 5D FC                        	MOV	EBX,DWORD [-4+EBP]
    85 000000AD C9                              	LEAVE
    86 000000AE C3                              	RET
